<?xml version="1.0" encoding="UTF-8"?>
<testng-results skipped="0" failed="0" total="1" passed="1">
  <reporter-output>
  </reporter-output>
  <suite name="Default suite" duration-ms="85" started-at="2016-10-07T08:09:09Z" finished-at="2016-10-07T08:09:09Z">
    <groups>
    </groups>
    <test name="Default test" duration-ms="85" started-at="2016-10-07T08:09:09Z" finished-at="2016-10-07T08:09:09Z">
      <class name="com.testng.ex.FirstScript">
        <test-method status="PASS" signature="test1()[pri:0, instance:com.testng.ex.FirstScript@5f9c449f]" name="test1" duration-ms="33" started-at="2016-10-07T13:39:09Z" finished-at="2016-10-07T13:39:09Z">
          <reporter-output>
          </reporter-output>
        </test-method> <!-- test1 -->
      </class> <!-- com.testng.ex.FirstScript -->
    </test> <!-- Default test -->
  </suite> <!-- Default suite -->
</testng-results>
